<?xml version="1.0" encoding="UTF-8"?>
<testsuite xmlns:xsi="http://www.w3.org/2001/XMLSchema-instance" xsi:noNamespaceSchemaLocation="https://maven.apache.org/surefire/maven-surefire-plugin/xsd/surefire-test-report-3.0.xsd" version="3.0" name="com.example.AppTest" time="0.053" tests="1" errors="0" skipped="0" failures="0">
  <properties>
    <property name="java.specification.version" value="23"/>
    <property name="sun.cpu.isalist" value="amd64"/>
    <property name="sun.jnu.encoding" value="Cp1252"/>
    <property name="java.class.path" value="C:\Users\pc\Desktop\Distributed-Microservices-Log-Management-System-With-ELK-Stack-and-Java-main\target\test-classes;C:\Users\pc\Desktop\Distributed-Microservices-Log-Management-System-With-ELK-Stack-and-Java-main\target\classes;C:\Users\pc\.m2\repository\junit\junit\4.11\junit-4.11.jar;C:\Users\pc\.m2\repository\org\hamcrest\hamcrest-core\1.3\hamcrest-core-1.3.jar;C:\Users\pc\.m2\repository\org\elasticsearch\elasticsearch\8.15.2\elasticsearch-8.15.2.jar;C:\Users\pc\.m2\repository\org\elasticsearch\elasticsearch-core\8.15.2\elasticsearch-core-8.15.2.jar;C:\Users\pc\.m2\repository\org\elasticsearch\elasticsearch-logging\8.15.2\elasticsearch-logging-8.15.2.jar;C:\Users\pc\.m2\repository\org\elasticsearch\elasticsearch-secure-sm\8.15.2\elasticsearch-secure-sm-8.15.2.jar;C:\Users\pc\.m2\repository\org\elasticsearch\elasticsearch-x-content\8.15.2\elasticsearch-x-content-8.15.2.jar;C:\Users\pc\.m2\repository\org\elasticsearch\elasticsearch-geo\8.15.2\elasticsearch-geo-8.15.2.jar;C:\Users\pc\.m2\repository\org\elasticsearch\elasticsearch-lz4\8.15.2\elasticsearch-lz4-8.15.2.jar;C:\Users\pc\.m2\repository\org\lz4\lz4-java\1.8.0\lz4-java-1.8.0.jar;C:\Users\pc\.m2\repository\org\elasticsearch\plugin\elasticsearch-plugin-api\8.15.2\elasticsearch-plugin-api-8.15.2.jar;C:\Users\pc\.m2\repository\org\elasticsearch\plugin\elasticsearch-plugin-analysis-api\8.15.2\elasticsearch-plugin-analysis-api-8.15.2.jar;C:\Users\pc\.m2\repository\org\elasticsearch\elasticsearch-grok\8.15.2\elasticsearch-grok-8.15.2.jar;C:\Users\pc\.m2\repository\org\jruby\joni\joni\2.1.29\joni-2.1.29.jar;C:\Users\pc\.m2\repository\org\jruby\jcodings\jcodings\1.0.44\jcodings-1.0.44.jar;C:\Users\pc\.m2\repository\org\elasticsearch\elasticsearch-tdigest\8.15.2\elasticsearch-tdigest-8.15.2.jar;C:\Users\pc\.m2\repository\org\apache\lucene\lucene-core\9.11.1\lucene-core-9.11.1.jar;C:\Users\pc\.m2\repository\org\apache\lucene\lucene-analysis-common\9.11.1\lucene-analysis-common-9.11.1.jar;C:\Users\pc\.m2\repository\org\apache\lucene\lucene-backward-codecs\9.11.1\lucene-backward-codecs-9.11.1.jar;C:\Users\pc\.m2\repository\org\apache\lucene\lucene-grouping\9.11.1\lucene-grouping-9.11.1.jar;C:\Users\pc\.m2\repository\org\apache\lucene\lucene-highlighter\9.11.1\lucene-highlighter-9.11.1.jar;C:\Users\pc\.m2\repository\org\apache\lucene\lucene-join\9.11.1\lucene-join-9.11.1.jar;C:\Users\pc\.m2\repository\org\apache\lucene\lucene-memory\9.11.1\lucene-memory-9.11.1.jar;C:\Users\pc\.m2\repository\org\apache\lucene\lucene-misc\9.11.1\lucene-misc-9.11.1.jar;C:\Users\pc\.m2\repository\org\apache\lucene\lucene-queries\9.11.1\lucene-queries-9.11.1.jar;C:\Users\pc\.m2\repository\org\apache\lucene\lucene-queryparser\9.11.1\lucene-queryparser-9.11.1.jar;C:\Users\pc\.m2\repository\org\apache\lucene\lucene-sandbox\9.11.1\lucene-sandbox-9.11.1.jar;C:\Users\pc\.m2\repository\org\apache\lucene\lucene-suggest\9.11.1\lucene-suggest-9.11.1.jar;C:\Users\pc\.m2\repository\org\elasticsearch\elasticsearch-cli\8.15.2\elasticsearch-cli-8.15.2.jar;C:\Users\pc\.m2\repository\net\sf\jopt-simple\jopt-simple\5.0.2\jopt-simple-5.0.2.jar;C:\Users\pc\.m2\repository\org\hdrhistogram\HdrHistogram\2.1.9\HdrHistogram-2.1.9.jar;C:\Users\pc\.m2\repository\net\java\dev\jna\jna\5.12.1\jna-5.12.1.jar;C:\Users\pc\.m2\repository\co\elastic\logging\log4j2-ecs-layout\1.2.0\log4j2-ecs-layout-1.2.0.jar;C:\Users\pc\.m2\repository\co\elastic\logging\ecs-logging-core\1.2.0\ecs-logging-core-1.2.0.jar;C:\Users\pc\.m2\repository\org\elasticsearch\elasticsearch-simdvec\8.15.2\elasticsearch-simdvec-8.15.2.jar;C:\Users\pc\.m2\repository\org\elasticsearch\elasticsearch-plugin-classloader\8.15.2\elasticsearch-plugin-classloader-8.15.2.jar;C:\Users\pc\.m2\repository\org\elasticsearch\elasticsearch-preallocate\8.15.2\elasticsearch-preallocate-8.15.2.jar;C:\Users\pc\.m2\repository\com\carrotsearch\hppc\0.8.1\hppc-0.8.1.jar;C:\Users\pc\.m2\repository\org\elasticsearch\elasticsearch-native\8.15.2\elasticsearch-native-8.15.2.jar;C:\Users\pc\.m2\repository\co\elastic\clients\elasticsearch-java\8.15.2\elasticsearch-java-8.15.2.jar;C:\Users\pc\.m2\repository\org\elasticsearch\client\elasticsearch-rest-client\8.15.2\elasticsearch-rest-client-8.15.2.jar;C:\Users\pc\.m2\repository\org\apache\httpcomponents\httpclient\4.5.14\httpclient-4.5.14.jar;C:\Users\pc\.m2\repository\org\apache\httpcomponents\httpcore\4.4.13\httpcore-4.4.13.jar;C:\Users\pc\.m2\repository\org\apache\httpcomponents\httpasyncclient\4.1.5\httpasyncclient-4.1.5.jar;C:\Users\pc\.m2\repository\org\apache\httpcomponents\httpcore-nio\4.4.13\httpcore-nio-4.4.13.jar;C:\Users\pc\.m2\repository\commons-codec\commons-codec\1.15\commons-codec-1.15.jar;C:\Users\pc\.m2\repository\commons-logging\commons-logging\1.2\commons-logging-1.2.jar;C:\Users\pc\.m2\repository\com\google\code\findbugs\jsr305\3.0.2\jsr305-3.0.2.jar;C:\Users\pc\.m2\repository\jakarta\json\jakarta.json-api\2.0.1\jakarta.json-api-2.0.1.jar;C:\Users\pc\.m2\repository\org\eclipse\parsson\parsson\1.0.5\parsson-1.0.5.jar;C:\Users\pc\.m2\repository\io\opentelemetry\opentelemetry-api\1.29.0\opentelemetry-api-1.29.0.jar;C:\Users\pc\.m2\repository\io\opentelemetry\opentelemetry-context\1.29.0\opentelemetry-context-1.29.0.jar;C:\Users\pc\.m2\repository\org\elasticsearch\client\elasticsearch-rest-high-level-client\7.17.9\elasticsearch-rest-high-level-client-7.17.9.jar;C:\Users\pc\.m2\repository\org\elasticsearch\plugin\mapper-extras-client\7.17.9\mapper-extras-client-7.17.9.jar;C:\Users\pc\.m2\repository\org\elasticsearch\plugin\parent-join-client\7.17.9\parent-join-client-7.17.9.jar;C:\Users\pc\.m2\repository\org\elasticsearch\plugin\aggs-matrix-stats-client\7.17.9\aggs-matrix-stats-client-7.17.9.jar;C:\Users\pc\.m2\repository\org\elasticsearch\plugin\rank-eval-client\7.17.9\rank-eval-client-7.17.9.jar;C:\Users\pc\.m2\repository\org\elasticsearch\plugin\lang-mustache-client\7.17.9\lang-mustache-client-7.17.9.jar;C:\Users\pc\.m2\repository\com\github\spullara\mustache\java\compiler\0.9.6\compiler-0.9.6.jar;C:\Users\pc\.m2\repository\org\apache\httpcomponents\client5\httpclient5\5.2.1\httpclient5-5.2.1.jar;C:\Users\pc\.m2\repository\org\apache\httpcomponents\core5\httpcore5\5.2\httpcore5-5.2.jar;C:\Users\pc\.m2\repository\org\apache\httpcomponents\core5\httpcore5-h2\5.2\httpcore5-h2-5.2.jar;C:\Users\pc\.m2\repository\org\slf4j\slf4j-api\1.7.36\slf4j-api-1.7.36.jar;C:\Users\pc\.m2\repository\com\fasterxml\jackson\core\jackson-databind\2.15.2\jackson-databind-2.15.2.jar;C:\Users\pc\.m2\repository\com\fasterxml\jackson\core\jackson-annotations\2.15.2\jackson-annotations-2.15.2.jar;C:\Users\pc\.m2\repository\com\fasterxml\jackson\core\jackson-core\2.15.2\jackson-core-2.15.2.jar;C:\Users\pc\.m2\repository\com\fasterxml\jackson\datatype\jackson-datatype-jsr310\2.15.2\jackson-datatype-jsr310-2.15.2.jar;C:\Users\pc\.m2\repository\org\apache\logging\log4j\log4j-core\2.20.0\log4j-core-2.20.0.jar;C:\Users\pc\.m2\repository\org\apache\logging\log4j\log4j-api\2.20.0\log4j-api-2.20.0.jar;C:\Users\pc\.m2\repository\org\apache\logging\log4j\log4j-slf4j-impl\2.20.0\log4j-slf4j-impl-2.20.0.jar;C:\Users\pc\.m2\repository\org\eclipse\jetty\jetty-server\11.0.20\jetty-server-11.0.20.jar;C:\Users\pc\.m2\repository\org\eclipse\jetty\jetty-http\11.0.20\jetty-http-11.0.20.jar;C:\Users\pc\.m2\repository\org\eclipse\jetty\toolchain\jetty-jakarta-servlet-api\5.0.2\jetty-jakarta-servlet-api-5.0.2.jar;C:\Users\pc\.m2\repository\org\eclipse\jetty\jetty-servlet\11.0.20\jetty-servlet-11.0.20.jar;C:\Users\pc\.m2\repository\org\eclipse\jetty\jetty-security\11.0.20\jetty-security-11.0.20.jar;C:\Users\pc\.m2\repository\org\eclipse\jetty\jetty-util\11.0.20\jetty-util-11.0.20.jar;C:\Users\pc\.m2\repository\org\eclipse\jetty\jetty-io\11.0.20\jetty-io-11.0.20.jar;C:\Users\pc\.m2\repository\com\teamdev\jxbrowser\jxbrowser-win64\7.38.1\jxbrowser-win64-7.38.1.jar;C:\Users\pc\.m2\repository\com\teamdev\jxbrowser\jxbrowser\7.38.1\jxbrowser-7.38.1.jar;C:\Users\pc\.m2\repository\com\teamdev\jxbrowser\jxbrowser-javafx\7.38.1\jxbrowser-javafx-7.38.1.jar;C:\Users\pc\.m2\repository\jakarta\websocket\jakarta.websocket-api\2.1.1\jakarta.websocket-api-2.1.1.jar;C:\Users\pc\.m2\repository\org\eclipse\jetty\websocket\websocket-jakarta-server\11.0.20\websocket-jakarta-server-11.0.20.jar;C:\Users\pc\.m2\repository\org\eclipse\jetty\jetty-annotations\11.0.20\jetty-annotations-11.0.20.jar;C:\Users\pc\.m2\repository\jakarta\annotation\jakarta.annotation-api\2.1.1\jakarta.annotation-api-2.1.1.jar;C:\Users\pc\.m2\repository\org\eclipse\jetty\jetty-plus\11.0.20\jetty-plus-11.0.20.jar;C:\Users\pc\.m2\repository\jakarta\transaction\jakarta.transaction-api\2.0.0\jakarta.transaction-api-2.0.0.jar;C:\Users\pc\.m2\repository\org\eclipse\jetty\jetty-jndi\11.0.20\jetty-jndi-11.0.20.jar;C:\Users\pc\.m2\repository\org\eclipse\jetty\jetty-webapp\11.0.20\jetty-webapp-11.0.20.jar;C:\Users\pc\.m2\repository\org\eclipse\jetty\jetty-xml\11.0.20\jetty-xml-11.0.20.jar;C:\Users\pc\.m2\repository\org\ow2\asm\asm\9.6\asm-9.6.jar;C:\Users\pc\.m2\repository\org\ow2\asm\asm-commons\9.6\asm-commons-9.6.jar;C:\Users\pc\.m2\repository\org\ow2\asm\asm-tree\9.6\asm-tree-9.6.jar;C:\Users\pc\.m2\repository\org\eclipse\jetty\toolchain\jetty-jakarta-websocket-api\2.0.0\jetty-jakarta-websocket-api-2.0.0.jar;C:\Users\pc\.m2\repository\org\eclipse\jetty\websocket\websocket-jakarta-client\11.0.20\websocket-jakarta-client-11.0.20.jar;C:\Users\pc\.m2\repository\org\eclipse\jetty\jetty-client\11.0.20\jetty-client-11.0.20.jar;C:\Users\pc\.m2\repository\org\eclipse\jetty\jetty-alpn-client\11.0.20\jetty-alpn-client-11.0.20.jar;C:\Users\pc\.m2\repository\org\eclipse\jetty\websocket\websocket-core-client\11.0.20\websocket-core-client-11.0.20.jar;C:\Users\pc\.m2\repository\org\eclipse\jetty\websocket\websocket-core-common\11.0.20\websocket-core-common-11.0.20.jar;C:\Users\pc\.m2\repository\org\eclipse\jetty\websocket\websocket-jakarta-common\11.0.20\websocket-jakarta-common-11.0.20.jar;C:\Users\pc\.m2\repository\org\eclipse\jetty\websocket\websocket-servlet\11.0.20\websocket-servlet-11.0.20.jar;C:\Users\pc\.m2\repository\org\eclipse\jetty\websocket\websocket-core-server\11.0.20\websocket-core-server-11.0.20.jar;C:\Users\pc\.m2\repository\com\google\code\gson\gson\2.10.1\gson-2.10.1.jar;C:\Users\pc\.m2\repository\org\openjfx\javafx-controls\21\javafx-controls-21.jar;C:\Users\pc\.m2\repository\org\openjfx\javafx-controls\21\javafx-controls-21-win.jar;C:\Users\pc\.m2\repository\org\openjfx\javafx-graphics\21\javafx-graphics-21.jar;C:\Users\pc\.m2\repository\org\openjfx\javafx-fxml\21\javafx-fxml-21.jar;C:\Users\pc\.m2\repository\org\openjfx\javafx-fxml\21\javafx-fxml-21-win.jar;C:\Users\pc\.m2\repository\org\openjfx\javafx-web\21\javafx-web-21.jar;C:\Users\pc\.m2\repository\org\openjfx\javafx-web\21\javafx-web-21-win.jar;C:\Users\pc\.m2\repository\org\openjfx\javafx-media\21\javafx-media-21.jar;C:\Users\pc\.m2\repository\org\openjfx\javafx-media\21\javafx-media-21-win.jar;C:\Users\pc\.m2\repository\org\openjfx\javafx-graphics\21\javafx-graphics-21-win.jar;C:\Users\pc\.m2\repository\org\openjfx\javafx-base\21\javafx-base-21.jar;C:\Users\pc\.m2\repository\org\openjfx\javafx-base\21\javafx-base-21-win.jar;"/>
    <property name="java.vm.vendor" value="Oracle Corporation"/>
    <property name="sun.arch.data.model" value="64"/>
    <property name="user.variant" value=""/>
    <property name="java.vendor.url" value="https://java.oracle.com/"/>
    <property name="user.timezone" value="Africa/Casablanca"/>
    <property name="os.name" value="Windows 11"/>
    <property name="java.vm.specification.version" value="23"/>
    <property name="sun.java.launcher" value="SUN_STANDARD"/>
    <property name="user.country" value="US"/>
    <property name="sun.boot.library.path" value="C:\Program Files\Java\jdk-23\bin"/>
    <property name="sun.java.command" value="C:\Users\pc\AppData\Local\Temp\surefire8291344815277761398\surefirebooter-20241127163528496_3.jar C:\Users\pc\AppData\Local\Temp\surefire8291344815277761398 2024-11-27T16-35-28_378-jvmRun1 surefire-20241127163528496_1tmp surefire_0-20241127163528496_2tmp"/>
    <property name="jdk.debug" value="release"/>
    <property name="surefire.test.class.path" value="C:\Users\pc\Desktop\Distributed-Microservices-Log-Management-System-With-ELK-Stack-and-Java-main\target\test-classes;C:\Users\pc\Desktop\Distributed-Microservices-Log-Management-System-With-ELK-Stack-and-Java-main\target\classes;C:\Users\pc\.m2\repository\junit\junit\4.11\junit-4.11.jar;C:\Users\pc\.m2\repository\org\hamcrest\hamcrest-core\1.3\hamcrest-core-1.3.jar;C:\Users\pc\.m2\repository\org\elasticsearch\elasticsearch\8.15.2\elasticsearch-8.15.2.jar;C:\Users\pc\.m2\repository\org\elasticsearch\elasticsearch-core\8.15.2\elasticsearch-core-8.15.2.jar;C:\Users\pc\.m2\repository\org\elasticsearch\elasticsearch-logging\8.15.2\elasticsearch-logging-8.15.2.jar;C:\Users\pc\.m2\repository\org\elasticsearch\elasticsearch-secure-sm\8.15.2\elasticsearch-secure-sm-8.15.2.jar;C:\Users\pc\.m2\repository\org\elasticsearch\elasticsearch-x-content\8.15.2\elasticsearch-x-content-8.15.2.jar;C:\Users\pc\.m2\repository\org\elasticsearch\elasticsearch-geo\8.15.2\elasticsearch-geo-8.15.2.jar;C:\Users\pc\.m2\repository\org\elasticsearch\elasticsearch-lz4\8.15.2\elasticsearch-lz4-8.15.2.jar;C:\Users\pc\.m2\repository\org\lz4\lz4-java\1.8.0\lz4-java-1.8.0.jar;C:\Users\pc\.m2\repository\org\elasticsearch\plugin\elasticsearch-plugin-api\8.15.2\elasticsearch-plugin-api-8.15.2.jar;C:\Users\pc\.m2\repository\org\elasticsearch\plugin\elasticsearch-plugin-analysis-api\8.15.2\elasticsearch-plugin-analysis-api-8.15.2.jar;C:\Users\pc\.m2\repository\org\elasticsearch\elasticsearch-grok\8.15.2\elasticsearch-grok-8.15.2.jar;C:\Users\pc\.m2\repository\org\jruby\joni\joni\2.1.29\joni-2.1.29.jar;C:\Users\pc\.m2\repository\org\jruby\jcodings\jcodings\1.0.44\jcodings-1.0.44.jar;C:\Users\pc\.m2\repository\org\elasticsearch\elasticsearch-tdigest\8.15.2\elasticsearch-tdigest-8.15.2.jar;C:\Users\pc\.m2\repository\org\apache\lucene\lucene-core\9.11.1\lucene-core-9.11.1.jar;C:\Users\pc\.m2\repository\org\apache\lucene\lucene-analysis-common\9.11.1\lucene-analysis-common-9.11.1.jar;C:\Users\pc\.m2\repository\org\apache\lucene\lucene-backward-codecs\9.11.1\lucene-backward-codecs-9.11.1.jar;C:\Users\pc\.m2\repository\org\apache\lucene\lucene-grouping\9.11.1\lucene-grouping-9.11.1.jar;C:\Users\pc\.m2\repository\org\apache\lucene\lucene-highlighter\9.11.1\lucene-highlighter-9.11.1.jar;C:\Users\pc\.m2\repository\org\apache\lucene\lucene-join\9.11.1\lucene-join-9.11.1.jar;C:\Users\pc\.m2\repository\org\apache\lucene\lucene-memory\9.11.1\lucene-memory-9.11.1.jar;C:\Users\pc\.m2\repository\org\apache\lucene\lucene-misc\9.11.1\lucene-misc-9.11.1.jar;C:\Users\pc\.m2\repository\org\apache\lucene\lucene-queries\9.11.1\lucene-queries-9.11.1.jar;C:\Users\pc\.m2\repository\org\apache\lucene\lucene-queryparser\9.11.1\lucene-queryparser-9.11.1.jar;C:\Users\pc\.m2\repository\org\apache\lucene\lucene-sandbox\9.11.1\lucene-sandbox-9.11.1.jar;C:\Users\pc\.m2\repository\org\apache\lucene\lucene-suggest\9.11.1\lucene-suggest-9.11.1.jar;C:\Users\pc\.m2\repository\org\elasticsearch\elasticsearch-cli\8.15.2\elasticsearch-cli-8.15.2.jar;C:\Users\pc\.m2\repository\net\sf\jopt-simple\jopt-simple\5.0.2\jopt-simple-5.0.2.jar;C:\Users\pc\.m2\repository\org\hdrhistogram\HdrHistogram\2.1.9\HdrHistogram-2.1.9.jar;C:\Users\pc\.m2\repository\net\java\dev\jna\jna\5.12.1\jna-5.12.1.jar;C:\Users\pc\.m2\repository\co\elastic\logging\log4j2-ecs-layout\1.2.0\log4j2-ecs-layout-1.2.0.jar;C:\Users\pc\.m2\repository\co\elastic\logging\ecs-logging-core\1.2.0\ecs-logging-core-1.2.0.jar;C:\Users\pc\.m2\repository\org\elasticsearch\elasticsearch-simdvec\8.15.2\elasticsearch-simdvec-8.15.2.jar;C:\Users\pc\.m2\repository\org\elasticsearch\elasticsearch-plugin-classloader\8.15.2\elasticsearch-plugin-classloader-8.15.2.jar;C:\Users\pc\.m2\repository\org\elasticsearch\elasticsearch-preallocate\8.15.2\elasticsearch-preallocate-8.15.2.jar;C:\Users\pc\.m2\repository\com\carrotsearch\hppc\0.8.1\hppc-0.8.1.jar;C:\Users\pc\.m2\repository\org\elasticsearch\elasticsearch-native\8.15.2\elasticsearch-native-8.15.2.jar;C:\Users\pc\.m2\repository\co\elastic\clients\elasticsearch-java\8.15.2\elasticsearch-java-8.15.2.jar;C:\Users\pc\.m2\repository\org\elasticsearch\client\elasticsearch-rest-client\8.15.2\elasticsearch-rest-client-8.15.2.jar;C:\Users\pc\.m2\repository\org\apache\httpcomponents\httpclient\4.5.14\httpclient-4.5.14.jar;C:\Users\pc\.m2\repository\org\apache\httpcomponents\httpcore\4.4.13\httpcore-4.4.13.jar;C:\Users\pc\.m2\repository\org\apache\httpcomponents\httpasyncclient\4.1.5\httpasyncclient-4.1.5.jar;C:\Users\pc\.m2\repository\org\apache\httpcomponents\httpcore-nio\4.4.13\httpcore-nio-4.4.13.jar;C:\Users\pc\.m2\repository\commons-codec\commons-codec\1.15\commons-codec-1.15.jar;C:\Users\pc\.m2\repository\commons-logging\commons-logging\1.2\commons-logging-1.2.jar;C:\Users\pc\.m2\repository\com\google\code\findbugs\jsr305\3.0.2\jsr305-3.0.2.jar;C:\Users\pc\.m2\repository\jakarta\json\jakarta.json-api\2.0.1\jakarta.json-api-2.0.1.jar;C:\Users\pc\.m2\repository\org\eclipse\parsson\parsson\1.0.5\parsson-1.0.5.jar;C:\Users\pc\.m2\repository\io\opentelemetry\opentelemetry-api\1.29.0\opentelemetry-api-1.29.0.jar;C:\Users\pc\.m2\repository\io\opentelemetry\opentelemetry-context\1.29.0\opentelemetry-context-1.29.0.jar;C:\Users\pc\.m2\repository\org\elasticsearch\client\elasticsearch-rest-high-level-client\7.17.9\elasticsearch-rest-high-level-client-7.17.9.jar;C:\Users\pc\.m2\repository\org\elasticsearch\plugin\mapper-extras-client\7.17.9\mapper-extras-client-7.17.9.jar;C:\Users\pc\.m2\repository\org\elasticsearch\plugin\parent-join-client\7.17.9\parent-join-client-7.17.9.jar;C:\Users\pc\.m2\repository\org\elasticsearch\plugin\aggs-matrix-stats-client\7.17.9\aggs-matrix-stats-client-7.17.9.jar;C:\Users\pc\.m2\repository\org\elasticsearch\plugin\rank-eval-client\7.17.9\rank-eval-client-7.17.9.jar;C:\Users\pc\.m2\repository\org\elasticsearch\plugin\lang-mustache-client\7.17.9\lang-mustache-client-7.17.9.jar;C:\Users\pc\.m2\repository\com\github\spullara\mustache\java\compiler\0.9.6\compiler-0.9.6.jar;C:\Users\pc\.m2\repository\org\apache\httpcomponents\client5\httpclient5\5.2.1\httpclient5-5.2.1.jar;C:\Users\pc\.m2\repository\org\apache\httpcomponents\core5\httpcore5\5.2\httpcore5-5.2.jar;C:\Users\pc\.m2\repository\org\apache\httpcomponents\core5\httpcore5-h2\5.2\httpcore5-h2-5.2.jar;C:\Users\pc\.m2\repository\org\slf4j\slf4j-api\1.7.36\slf4j-api-1.7.36.jar;C:\Users\pc\.m2\repository\com\fasterxml\jackson\core\jackson-databind\2.15.2\jackson-databind-2.15.2.jar;C:\Users\pc\.m2\repository\com\fasterxml\jackson\core\jackson-annotations\2.15.2\jackson-annotations-2.15.2.jar;C:\Users\pc\.m2\repository\com\fasterxml\jackson\core\jackson-core\2.15.2\jackson-core-2.15.2.jar;C:\Users\pc\.m2\repository\com\fasterxml\jackson\datatype\jackson-datatype-jsr310\2.15.2\jackson-datatype-jsr310-2.15.2.jar;C:\Users\pc\.m2\repository\org\apache\logging\log4j\log4j-core\2.20.0\log4j-core-2.20.0.jar;C:\Users\pc\.m2\repository\org\apache\logging\log4j\log4j-api\2.20.0\log4j-api-2.20.0.jar;C:\Users\pc\.m2\repository\org\apache\logging\log4j\log4j-slf4j-impl\2.20.0\log4j-slf4j-impl-2.20.0.jar;C:\Users\pc\.m2\repository\org\eclipse\jetty\jetty-server\11.0.20\jetty-server-11.0.20.jar;C:\Users\pc\.m2\repository\org\eclipse\jetty\jetty-http\11.0.20\jetty-http-11.0.20.jar;C:\Users\pc\.m2\repository\org\eclipse\jetty\toolchain\jetty-jakarta-servlet-api\5.0.2\jetty-jakarta-servlet-api-5.0.2.jar;C:\Users\pc\.m2\repository\org\eclipse\jetty\jetty-servlet\11.0.20\jetty-servlet-11.0.20.jar;C:\Users\pc\.m2\repository\org\eclipse\jetty\jetty-security\11.0.20\jetty-security-11.0.20.jar;C:\Users\pc\.m2\repository\org\eclipse\jetty\jetty-util\11.0.20\jetty-util-11.0.20.jar;C:\Users\pc\.m2\repository\org\eclipse\jetty\jetty-io\11.0.20\jetty-io-11.0.20.jar;C:\Users\pc\.m2\repository\com\teamdev\jxbrowser\jxbrowser-win64\7.38.1\jxbrowser-win64-7.38.1.jar;C:\Users\pc\.m2\repository\com\teamdev\jxbrowser\jxbrowser\7.38.1\jxbrowser-7.38.1.jar;C:\Users\pc\.m2\repository\com\teamdev\jxbrowser\jxbrowser-javafx\7.38.1\jxbrowser-javafx-7.38.1.jar;C:\Users\pc\.m2\repository\jakarta\websocket\jakarta.websocket-api\2.1.1\jakarta.websocket-api-2.1.1.jar;C:\Users\pc\.m2\repository\org\eclipse\jetty\websocket\websocket-jakarta-server\11.0.20\websocket-jakarta-server-11.0.20.jar;C:\Users\pc\.m2\repository\org\eclipse\jetty\jetty-annotations\11.0.20\jetty-annotations-11.0.20.jar;C:\Users\pc\.m2\repository\jakarta\annotation\jakarta.annotation-api\2.1.1\jakarta.annotation-api-2.1.1.jar;C:\Users\pc\.m2\repository\org\eclipse\jetty\jetty-plus\11.0.20\jetty-plus-11.0.20.jar;C:\Users\pc\.m2\repository\jakarta\transaction\jakarta.transaction-api\2.0.0\jakarta.transaction-api-2.0.0.jar;C:\Users\pc\.m2\repository\org\eclipse\jetty\jetty-jndi\11.0.20\jetty-jndi-11.0.20.jar;C:\Users\pc\.m2\repository\org\eclipse\jetty\jetty-webapp\11.0.20\jetty-webapp-11.0.20.jar;C:\Users\pc\.m2\repository\org\eclipse\jetty\jetty-xml\11.0.20\jetty-xml-11.0.20.jar;C:\Users\pc\.m2\repository\org\ow2\asm\asm\9.6\asm-9.6.jar;C:\Users\pc\.m2\repository\org\ow2\asm\asm-commons\9.6\asm-commons-9.6.jar;C:\Users\pc\.m2\repository\org\ow2\asm\asm-tree\9.6\asm-tree-9.6.jar;C:\Users\pc\.m2\repository\org\eclipse\jetty\toolchain\jetty-jakarta-websocket-api\2.0.0\jetty-jakarta-websocket-api-2.0.0.jar;C:\Users\pc\.m2\repository\org\eclipse\jetty\websocket\websocket-jakarta-client\11.0.20\websocket-jakarta-client-11.0.20.jar;C:\Users\pc\.m2\repository\org\eclipse\jetty\jetty-client\11.0.20\jetty-client-11.0.20.jar;C:\Users\pc\.m2\repository\org\eclipse\jetty\jetty-alpn-client\11.0.20\jetty-alpn-client-11.0.20.jar;C:\Users\pc\.m2\repository\org\eclipse\jetty\websocket\websocket-core-client\11.0.20\websocket-core-client-11.0.20.jar;C:\Users\pc\.m2\repository\org\eclipse\jetty\websocket\websocket-core-common\11.0.20\websocket-core-common-11.0.20.jar;C:\Users\pc\.m2\repository\org\eclipse\jetty\websocket\websocket-jakarta-common\11.0.20\websocket-jakarta-common-11.0.20.jar;C:\Users\pc\.m2\repository\org\eclipse\jetty\websocket\websocket-servlet\11.0.20\websocket-servlet-11.0.20.jar;C:\Users\pc\.m2\repository\org\eclipse\jetty\websocket\websocket-core-server\11.0.20\websocket-core-server-11.0.20.jar;C:\Users\pc\.m2\repository\com\google\code\gson\gson\2.10.1\gson-2.10.1.jar;C:\Users\pc\.m2\repository\org\openjfx\javafx-controls\21\javafx-controls-21.jar;C:\Users\pc\.m2\repository\org\openjfx\javafx-controls\21\javafx-controls-21-win.jar;C:\Users\pc\.m2\repository\org\openjfx\javafx-graphics\21\javafx-graphics-21.jar;C:\Users\pc\.m2\repository\org\openjfx\javafx-fxml\21\javafx-fxml-21.jar;C:\Users\pc\.m2\repository\org\openjfx\javafx-fxml\21\javafx-fxml-21-win.jar;C:\Users\pc\.m2\repository\org\openjfx\javafx-web\21\javafx-web-21.jar;C:\Users\pc\.m2\repository\org\openjfx\javafx-web\21\javafx-web-21-win.jar;C:\Users\pc\.m2\repository\org\openjfx\javafx-media\21\javafx-media-21.jar;C:\Users\pc\.m2\repository\org\openjfx\javafx-media\21\javafx-media-21-win.jar;C:\Users\pc\.m2\repository\org\openjfx\javafx-graphics\21\javafx-graphics-21-win.jar;C:\Users\pc\.m2\repository\org\openjfx\javafx-base\21\javafx-base-21.jar;C:\Users\pc\.m2\repository\org\openjfx\javafx-base\21\javafx-base-21-win.jar;"/>
    <property name="sun.cpu.endian" value="little"/>
    <property name="user.home" value="C:\Users\pc"/>
    <property name="user.language" value="en"/>
    <property name="java.specification.vendor" value="Oracle Corporation"/>
    <property name="java.version.date" value="2024-09-17"/>
    <property name="java.home" value="C:\Program Files\Java\jdk-23"/>
    <property name="file.separator" value="\"/>
    <property name="basedir" value="C:\Users\pc\Desktop\Distributed-Microservices-Log-Management-System-With-ELK-Stack-and-Java-main"/>
    <property name="java.vm.compressedOopsMode" value="Zero based"/>
    <property name="line.separator" value="&#10;"/>
    <property name="java.vm.specification.vendor" value="Oracle Corporation"/>
    <property name="java.specification.name" value="Java Platform API Specification"/>
    <property name="surefire.real.class.path" value="C:\Users\pc\AppData\Local\Temp\surefire8291344815277761398\surefirebooter-20241127163528496_3.jar"/>
    <property name="user.script" value=""/>
    <property name="sun.management.compiler" value="HotSpot 64-Bit Tiered Compilers"/>
    <property name="java.runtime.version" value="23+37-2369"/>
    <property name="user.name" value="pc"/>
    <property name="stdout.encoding" value="Cp1252"/>
    <property name="path.separator" value=";"/>
    <property name="os.version" value="10.0"/>
    <property name="java.runtime.name" value="Java(TM) SE Runtime Environment"/>
    <property name="file.encoding" value="UTF-8"/>
    <property name="java.vm.name" value="Java HotSpot(TM) 64-Bit Server VM"/>
    <property name="localRepository" value="C:\Users\pc\.m2\repository"/>
    <property name="java.vendor.url.bug" value="https://bugreport.java.com/bugreport/"/>
    <property name="java.io.tmpdir" value="C:\Users\pc\AppData\Local\Temp\"/>
    <property name="java.version" value="23"/>
    <property name="user.dir" value="C:\Users\pc\Desktop\Distributed-Microservices-Log-Management-System-With-ELK-Stack-and-Java-main"/>
    <property name="os.arch" value="amd64"/>
    <property name="java.vm.specification.name" value="Java Virtual Machine Specification"/>
    <property name="sun.os.patch.level" value=""/>
    <property name="native.encoding" value="Cp1252"/>
    <property name="java.library.path" value="C:\Program Files\Java\jdk-23\bin;C:\Windows\Sun\Java\bin;C:\Windows\system32;C:\Windows;C:\Program Files\Python313\Scripts\;C:\Program Files\Python313\;C:\Program Files\Common Files\Oracle\Java\javapath;C:\Windows\system32;C:\Windows;C:\Windows\System32\Wbem;C:\Windows\System32\WindowsPowerShell\v1.0\;C:\Windows\System32\OpenSSH\;C:\Program Files\nodejs\;C:\Program Files\Git\cmd;C:\Program Files\Docker\Docker\resources\bin;C:\elk\logstash-8.15.2\bin;C:\elk\kibana-8.15.2\bin;C:\elk\elasticsearch-8.15.2\bin;C:\Users\pc\Downloads\gradle-8.10.2-bin\gradle-8.10.2\bin;C:\Program Files\PuTTY\;C:\Users\pc\AppData\Local\Microsoft\WindowsApps;C:\Users\pc\AppData\Local\Programs\Microsoft VS Code\bin;C:\Users\pc\AppData\Roaming\npm;C:\Users\pc\Downloads\apache-maven-3.9.9\bin;C:\Program Files\\Elastic\Beats\8.15.3\filebeat;C:\Users\pc\AppData\Local\Programs\Windsurf\bin;."/>
    <property name="java.vm.info" value="mixed mode, sharing"/>
    <property name="stderr.encoding" value="Cp1252"/>
    <property name="java.vendor" value="Oracle Corporation"/>
    <property name="java.vm.version" value="23+37-2369"/>
    <property name="sun.io.unicode.encoding" value="UnicodeLittle"/>
    <property name="java.class.version" value="67.0"/>
  </properties>
  <testcase name="shouldAnswerWithTrue" classname="com.example.AppTest" time="0.0"/>
</testsuite>